<?xml version="1.0" encoding="UTF-8"?>
<!-- Generated by org.testng.reporters.JUnitXMLReporter -->
<testsuite hostname="DESKTOP-5QEKCKI" ignored="0" name="Default test" tests="3" failures="0" timestamp="01 Feb 2020 17:26:49 GMT" time="23.123" errors="0">
  <testcase name="basepageNavigation" time="5.149" classname="Qaclickacademy_test.HomePage"/>
  <testcase name="basepageNavigation" time="4.0" classname="Qaclickacademy_test.HomePage"/>
  <testcase name="basepageNavigation" time="4.014" classname="Qaclickacademy_test.HomePage"/>
</testsuite> <!-- Default test -->
