<?xml version="1.0" encoding="UTF-8"?>
<!-- Generated by org.testng.reporters.JUnitXMLReporter -->
<testsuite hostname="DESKTOP-5QEKCKI" ignored="0" name="homepage" tests="3" failures="0" timestamp="08 Feb 2020 18:01:13 GMT" time="24.787" errors="0">
  <testcase name="basepageNavigation" time="5.622" classname="Qaclickacademy_test.HomePage"/>
  <testcase name="basepageNavigation" time="4.534" classname="Qaclickacademy_test.HomePage"/>
  <testcase name="basepageNavigation" time="4.801" classname="Qaclickacademy_test.HomePage"/>
</testsuite> <!-- homepage -->
