<?xml version="1.0" encoding="UTF-8"?>
<!-- Generated by org.testng.reporters.JUnitXMLReporter -->
<testsuite hostname="DESKTOP-5QEKCKI" ignored="0" name="loginTest" tests="3" failures="0" timestamp="24 Mar 2020 14:41:20 GMT" time="20.313" errors="0">
  <testcase name="HomePage" time="4.658" classname="Qaclickacademy_test.HomePage"/>
  <testcase name="HomePage" time="3.692" classname="Qaclickacademy_test.HomePage"/>
  <testcase name="HomePage" time="3.87" classname="Qaclickacademy_test.HomePage"/>
</testsuite> <!-- loginTest -->
