<?xml version="1.0" encoding="UTF-8"?>
<!-- Generated by org.testng.reporters.JUnitXMLReporter -->
<testsuite hostname="DESKTOP-5QEKCKI" ignored="0" name="Test" tests="5" failures="0" timestamp="08 Feb 2020 17:41:44 GMT" time="49.104" errors="0">
  <testcase name="basepageNavigation" time="0.105" classname="Qaclickacademy_test.ValidateTitle"/>
  <testcase name="basepageNavigation" time="5.904" classname="Qaclickacademy_test.HomePage"/>
  <testcase name="basepageNavigation" time="5.182" classname="Qaclickacademy_test.HomePage"/>
  <testcase name="basepageNavigation" time="4.599" classname="Qaclickacademy_test.HomePage"/>
  <testcase name="basepageNavigation" time="0.248" classname="Qaclickacademy_test.ValidateTest"/>
</testsuite> <!-- Test -->
