<?xml version="1.0" encoding="UTF-8"?>
<!-- Generated by org.testng.reporters.JUnitXMLReporter -->
<testsuite hostname="DESKTOP-5QEKCKI" ignored="0" name="Command line test" tests="2" failures="0" timestamp="15 Feb 2020 18:13:28 GMT" time="20.367" errors="0">
  <testcase name="basepageNavigation" time="0.232" classname="Qaclickacademy_test.ValidateTest"/>
  <testcase name="basepageNavigation" time="0.049" classname="Qaclickacademy_test.ValidateTitleTest"/>
</testsuite> <!-- Command line test -->
