<?xml version="1.0" encoding="UTF-8"?>
<!-- Generated by org.testng.reporters.JUnitXMLReporter -->
<testsuite hostname="DESKTOP-5QEKCKI" ignored="0" name="loginTest" tests="3" failures="0" timestamp="21 Feb 2020 17:22:45 GMT" time="22.513" errors="0">
  <testcase name="HomePage" time="4.931" classname="Qaclickacademy_test.HomePage"/>
  <testcase name="HomePage" time="3.825" classname="Qaclickacademy_test.HomePage"/>
  <testcase name="HomePage" time="3.748" classname="Qaclickacademy_test.HomePage"/>
</testsuite> <!-- loginTest -->
